[0m10:08:58.202172 [debug] [MainThread]: Sending event: {'category': 'dbt', 'action': 'invocation', 'label': 'start', 'context': [<snowplow_tracker.self_describing_json.SelfDescribingJson object at 0x000002758B87FF20>, <snowplow_tracker.self_describing_json.SelfDescribingJson object at 0x000002758E4DB3E0>, <snowplow_tracker.self_describing_json.SelfDescribingJson object at 0x000002758E4DB680>]}


============================== 10:08:58.253958 | 13a65bcb-f88c-48c4-b15a-1ebe6d469212 ==============================
[0m10:08:58.253958 [info ] [MainThread]: Running with dbt=1.9.6
[0m10:08:58.254956 [debug] [MainThread]: running dbt with arguments {'printer_width': '80', 'indirect_selection': 'eager', 'log_cache_events': 'False', 'write_json': 'True', 'partial_parse': 'True', 'cache_selected_only': 'False', 'warn_error': 'None', 'debug': 'False', 'fail_fast': 'False', 'log_path': 'logs', 'profiles_dir': 'C:\\Users\\alan_\\.dbt', 'version_check': 'True', 'use_colors': 'True', 'use_experimental_parser': 'False', 'empty': 'None', 'quiet': 'False', 'no_print': 'None', 'log_format': 'default', 'introspect': 'True', 'static_parser': 'True', 'warn_error_options': 'WarnErrorOptions(include=[], exclude=[])', 'target_path': 'None', 'invocation_command': 'dbt init', 'send_anonymous_usage_stats': 'True'}
[0m10:09:07.920288 [debug] [MainThread]: Starter project path: C:\Users\alan_\jornada_de_dados\workshop_airflow_dbt\1_local_setup\.venv\Lib\site-packages\dbt\include\starter_project
[0m10:09:07.955901 [info ] [MainThread]: 
Your new dbt project "jornada_dw" was created!

For more information on how to configure the profiles.yml file,
please consult the dbt documentation here:

  https://docs.getdbt.com/docs/configure-your-profile

One more thing:

Need help? Don't hesitate to reach out to us via GitHub issues or on Slack:

  https://community.getdbt.com/

Happy modeling!

[0m10:09:07.957401 [info ] [MainThread]: Setting up your profile.
[0m10:13:07.642395 [info ] [MainThread]: Profile jornada_dw written to C:\Users\alan_\.dbt\profiles.yml using target's profile_template.yml and your supplied values. Run 'dbt debug' to validate the connection.
[0m10:13:07.644453 [debug] [MainThread]: Command `dbt init` succeeded at 10:13:07.644453 after 249.96 seconds
[0m10:13:07.645466 [debug] [MainThread]: Sending event: {'category': 'dbt', 'action': 'invocation', 'label': 'end', 'context': [<snowplow_tracker.self_describing_json.SelfDescribingJson object at 0x000002758F77C9E0>, <snowplow_tracker.self_describing_json.SelfDescribingJson object at 0x000002758F77C140>, <snowplow_tracker.self_describing_json.SelfDescribingJson object at 0x000002758F77D160>]}
[0m10:13:07.645967 [debug] [MainThread]: Flushing usage events
[0m10:13:08.249427 [debug] [MainThread]: An error was encountered while trying to flush usage events
[0m11:02:17.264853 [debug] [MainThread]: Sending event: {'category': 'dbt', 'action': 'invocation', 'label': 'start', 'context': [<snowplow_tracker.self_describing_json.SelfDescribingJson object at 0x0000020718CBB440>, <snowplow_tracker.self_describing_json.SelfDescribingJson object at 0x0000020718CBB3E0>, <snowplow_tracker.self_describing_json.SelfDescribingJson object at 0x0000020718CBB2C0>]}


============================== 11:02:17.271362 | 7dd3b35f-1a00-4f60-b4c7-a32b399d37b2 ==============================
[0m11:02:17.271362 [info ] [MainThread]: Running with dbt=1.9.6
[0m11:02:17.271869 [debug] [MainThread]: running dbt with arguments {'printer_width': '80', 'indirect_selection': 'eager', 'log_cache_events': 'False', 'write_json': 'True', 'partial_parse': 'True', 'cache_selected_only': 'False', 'profiles_dir': 'C:\\Users\\alan_\\.dbt', 'version_check': 'True', 'debug': 'False', 'log_path': 'logs', 'fail_fast': 'False', 'warn_error': 'None', 'use_colors': 'True', 'use_experimental_parser': 'False', 'no_print': 'None', 'quiet': 'False', 'empty': 'None', 'warn_error_options': 'WarnErrorOptions(include=[], exclude=[])', 'introspect': 'True', 'invocation_command': 'dbt deps', 'static_parser': 'True', 'target_path': 'None', 'log_format': 'default', 'send_anonymous_usage_stats': 'True'}
[0m11:02:17.273381 [error] [MainThread]: Encountered an error:
Runtime Error
  No dbt_project.yml found at expected path C:\Users\alan_\jornada_de_dados\workshop_airflow_dbt\2_data_warehouse\dbt_project.yml
  Verify that each entry within packages.yml (and their transitive dependencies) contains a file named dbt_project.yml
  
[0m11:02:17.274380 [debug] [MainThread]: Command `dbt deps` failed at 11:02:17.274380 after 0.57 seconds
[0m11:02:17.275381 [debug] [MainThread]: Sending event: {'category': 'dbt', 'action': 'invocation', 'label': 'end', 'context': [<snowplow_tracker.self_describing_json.SelfDescribingJson object at 0x000002071897B1A0>, <snowplow_tracker.self_describing_json.SelfDescribingJson object at 0x0000020718CA29C0>, <snowplow_tracker.self_describing_json.SelfDescribingJson object at 0x0000020718CA2630>]}
[0m11:02:17.275381 [debug] [MainThread]: Flushing usage events
[0m11:02:17.873769 [debug] [MainThread]: An error was encountered while trying to flush usage events
